\BOOKMARK [1][-]{section.1}{Permutations}{}% 1
\BOOKMARK [2][-]{subsection.1.1}{Question 1}{section.1}% 2
\BOOKMARK [1][-]{section.2}{Groups}{}% 3
\BOOKMARK [2][-]{subsection.2.1}{Question 2}{section.2}% 4
\BOOKMARK [2][-]{subsection.2.2}{Question 3}{section.2}% 5
\BOOKMARK [1][-]{section.3}{Orbit and Stabililzer}{}% 6
\BOOKMARK [2][-]{subsection.3.1}{Question 4}{section.3}% 7
\BOOKMARK [2][-]{subsection.3.2}{Question 5 - add tables}{section.3}% 8
\BOOKMARK [1][-]{section.4}{Schreier's Theorem and the Final Algorithm}{}% 9
\BOOKMARK [2][-]{subsection.4.1}{Question 6}{section.4}% 10
\BOOKMARK [2][-]{subsection.4.2}{Question 7 - comment on complexity}{section.4}% 11
\BOOKMARK [2][-]{subsection.4.3}{Question 8 - add tables}{section.4}% 12
\BOOKMARK [2][-]{subsection.4.4}{Question 9 - add tables}{section.4}% 13
\BOOKMARK [1][-]{section.5}{Code}{}% 14
\BOOKMARK [2][-]{subsection.5.1}{Question 1}{section.5}% 15
\BOOKMARK [2][-]{subsection.5.2}{Question 3}{section.5}% 16
\BOOKMARK [2][-]{subsection.5.3}{Question 5}{section.5}% 17
\BOOKMARK [2][-]{subsection.5.4}{Question 7}{section.5}% 18
\BOOKMARK [2][-]{subsection.5.5}{Question 8}{section.5}% 19
\BOOKMARK [2][-]{subsection.5.6}{Question 9}{section.5}% 20
