\BOOKMARK [1][-]{section.1}{Question 1}{}% 1
\BOOKMARK [1][-]{section.2}{Question 3}{}% 2
\BOOKMARK [1][-]{section.3}{Question 4}{}% 3
\BOOKMARK [2][-]{subsection.3.1}{x2+x+41}{section.3}% 4
\BOOKMARK [2][-]{subsection.3.2}{x3+2x+1 }{section.3}% 5
\BOOKMARK [2][-]{subsection.3.3}{x3+x2-2x-1 }{section.3}% 6
\BOOKMARK [2][-]{subsection.3.4}{x4-2x2+4 }{section.3}% 7
\BOOKMARK [2][-]{subsection.3.5}{x4-x3-4x+16 }{section.3}% 8
\BOOKMARK [2][-]{subsection.3.6}{ x4 - 2x3 + 5x + 5 }{section.3}% 9
\BOOKMARK [2][-]{subsection.3.7}{x4 + 7x2 + 6x + 7 }{section.3}% 10
\BOOKMARK [2][-]{subsection.3.8}{x4 + 3x3 - 6x2 - 9x + 7 }{section.3}% 11
\BOOKMARK [2][-]{subsection.3.9}{ x5 + 36 }{section.3}% 12
\BOOKMARK [2][-]{subsection.3.10}{ x5 - 5x + 3 }{section.3}% 13
\BOOKMARK [2][-]{subsection.3.11}{ x5 + x3 - 3x2 + 3 }{section.3}% 14
\BOOKMARK [2][-]{subsection.3.12}{ x5 - 11x3 + 22x - 11 \040}{section.3}% 15
\BOOKMARK [2][-]{subsection.3.13}{ x6 + x + 1 \040}{section.3}% 16
\BOOKMARK [2][-]{subsection.3.14}{ x7 - 2x6 + 2x + 2 \040}{section.3}% 17
\BOOKMARK [2][-]{subsection.3.15}{ x7 + x4 - 2x2 + 8x + 4 \040}{section.3}% 18
\BOOKMARK [2][-]{subsection.3.16}{ x7 + x5 - 4x4 - x3 + 5x + 1 }{section.3}% 19
\BOOKMARK [2][-]{subsection.3.17}{Frequency of Cycle Types}{section.3}% 20
\BOOKMARK [1][-]{section.4}{Code}{}% 21
\BOOKMARK [2][-]{subsection.4.1}{Question 1}{section.4}% 22
\BOOKMARK [2][-]{subsection.4.2}{Question 2}{section.4}% 23
